0 info it worked if it ends with ok
1 verbose cli [ 'C:\\Program Files\\nodejs\\node.exe',
1 verbose cli   'C:\\nodejs\\node_global\\node_modules\\npm\\bin\\npm-cli.js',
1 verbose cli   'run',
1 verbose cli   'go' ]
2 info using npm@4.0.2
3 info using node@v6.10.2
4 verbose run-script [ 'prego', 'go', 'postgo' ]
5 info lifecycle jt-app@1.0.0~prego: jt-app@1.0.0
6 silly lifecycle jt-app@1.0.0~prego: no script for prego, continuing
7 info lifecycle jt-app@1.0.0~go: jt-app@1.0.0
8 verbose lifecycle jt-app@1.0.0~go: unsafe-perm in lifecycle true
9 verbose lifecycle jt-app@1.0.0~go: PATH: C:\nodejs\node_global\node_modules\npm\bin\node-gyp-bin;C:\捷通实践项目\myAppComponent\node_modules\.bin;C:\Ruby22-x64\bin;C:\OracleClient\product\11.2.0\client_1;C:\OracleClient\product\11.2.0\client_1\bin;C:\OracleServer\product\11.2.0\dbhome_1\bin;C:\Windows\system32;C:\Windows;C:\Windows\System32\Wbem;C:\Windows\System32\WindowsPowerShell\v1.0\;C:\Program Files\Microsoft\Web Platform Installer\;C:\Program Files (x86)\Microsoft ASP.NET\ASP.NET Web Pages\v1.0\;C:\Program Files\Microsoft SQL Server\110\Tools\Binn\;C:\Program Files (x86)\Microsoft SQL Server\100\Tools\Binn\;C:\Program Files\Microsoft SQL Server\100\Tools\Binn\;C:\Program Files\Microsoft SQL Server\100\DTS\Binn\;C:\Program Files (x86)\Microsoft SQL Server\100\Tools\Binn\VSShell\Common7\IDE\;C:\Program Files (x86)\Microsoft SQL Server\100\DTS\Binn\;C:\Program Files\TortoiseSVN\bin;C:\Program Files\Git\cmd;C:\nodejs\node_global\;C:\nodejs\node_global\;C:\nodejs\node_cache;C:\Program Files\python;C:\Program Files (x86)\IBM\Page Detailer\;C:\Program Files\nodejs\;C:\Program Files (x86)\Microsoft VS Code\bin;C:\Users\Administrator\AppData\Roaming\npm
10 verbose lifecycle jt-app@1.0.0~go: CWD: C:\捷通实践项目\myAppComponent
11 silly lifecycle jt-app@1.0.0~go: Args: [ '/d /s /c', 'webpack-dev-server' ]
12 silly lifecycle jt-app@1.0.0~go: Returned: code: 3221225786  signal: null
13 info lifecycle jt-app@1.0.0~go: Failed to exec go script
14 verbose stack Error: jt-app@1.0.0 go: `webpack-dev-server`
14 verbose stack Exit status 3221225786
14 verbose stack     at EventEmitter.<anonymous> (C:\nodejs\node_global\node_modules\npm\lib\utils\lifecycle.js:279:16)
14 verbose stack     at emitTwo (events.js:106:13)
14 verbose stack     at EventEmitter.emit (events.js:191:7)
14 verbose stack     at ChildProcess.<anonymous> (C:\nodejs\node_global\node_modules\npm\lib\utils\spawn.js:40:14)
14 verbose stack     at emitTwo (events.js:106:13)
14 verbose stack     at ChildProcess.emit (events.js:191:7)
14 verbose stack     at maybeClose (internal/child_process.js:886:16)
14 verbose stack     at Process.ChildProcess._handle.onexit (internal/child_process.js:226:5)
15 verbose pkgid jt-app@1.0.0
16 verbose cwd C:\捷通实践项目\myAppComponent
17 error Windows_NT 6.1.7600
18 error argv "C:\\Program Files\\nodejs\\node.exe" "C:\\nodejs\\node_global\\node_modules\\npm\\bin\\npm-cli.js" "run" "go"
19 error node v6.10.2
20 error npm  v4.0.2
21 error code ELIFECYCLE
22 error jt-app@1.0.0 go: `webpack-dev-server`
22 error Exit status 3221225786
23 error Failed at the jt-app@1.0.0 go script 'webpack-dev-server'.
23 error Make sure you have the latest version of node.js and npm installed.
23 error If you do, this is most likely a problem with the jt-app package,
23 error not with npm itself.
23 error Tell the author that this fails on your system:
23 error     webpack-dev-server
23 error You can get information on how to open an issue for this project with:
23 error     npm bugs jt-app
23 error Or if that isn't available, you can get their info via:
23 error     npm owner ls jt-app
23 error There is likely additional logging output above.
24 verbose exit [ 1, true ]
